<?xml version="1.0" encoding="utf-8"?><testsuites name="pytest tests"><testsuite name="pytest" errors="0" failures="0" skipped="0" tests="45" time="63.323" timestamp="2026-04-18T12:57:55.079339+00:00" hostname="agent-env-09da4815-02b0-4275-9dea-167f07d190df"><testcase classname="backend.tests.test_guided_journey.TestSeedIdempotency" name="test_seed_endpoint_returns_success" time="0.236" /><testcase classname="backend.tests.test_guided_journey.TestSeedIdempotency" name="test_seed_is_idempotent" time="0.324" /><testcase classname="backend.tests.test_guided_journey.TestTopicEnrichments" name="test_all_topics_exist" time="0.135" /><testcase classname="backend.tests.test_guided_journey.TestTopicEnrichments" name="test_topic_has_enrichment_fields[num-1]" time="35.867" /><testcase classname="backend.tests.test_guided_journey.TestTopicEnrichments" name="test_topic_has_enrichment_fields[num-2]" time="0.161" /><testcase classname="backend.tests.test_guided_journey.TestTopicEnrichments" name="test_topic_has_enrichment_fields[num-3]" time="0.114" /><testcase classname="backend.tests.test_guided_journey.TestTopicEnrichments" name="test_topic_has_enrichment_fields[num-4]" time="0.123" /><testcase classname="backend.tests.test_guided_journey.TestTopicEnrichments" name="test_topic_has_enrichment_fields[alg-1]" time="0.105" /><testcase classname="backend.tests.test_guided_journey.TestTopicEnrichments" name="test_topic_has_enrichment_fields[alg-2]" time="0.108" /><testcase classname="backend.tests.test_guided_journey.TestTopicEnrichments" name="test_topic_has_enrichment_fields[alg-3]" time="0.101" /><testcase classname="backend.tests.test_guided_journey.TestTopicEnrichments" name="test_topic_has_enrichment_fields[alg-4]" time="0.121" /><testcase classname="backend.tests.test_guided_journey.TestTopicEnrichments" name="test_topic_has_enrichment_fields[alg-5]" time="0.107" /><testcase classname="backend.tests.test_guided_journey.TestTopicEnrichments" name="test_topic_has_enrichment_fields[alg-6]" time="0.107" /><testcase classname="backend.tests.test_guided_journey.TestTopicEnrichments" name="test_topic_has_enrichment_fields[rat-1]" time="0.105" /><testcase classname="backend.tests.test_guided_journey.TestTopicEnrichments" name="test_topic_has_enrichment_fields[rat-2]" time="0.108" /><testcase classname="backend.tests.test_guided_journey.TestTopicEnrichments" name="test_topic_has_enrichment_fields[rat-3]" time="0.106" /><testcase classname="backend.tests.test_guided_journey.TestTopicEnrichments" name="test_topic_has_enrichment_fields[geo-1]" time="0.109" /><testcase classname="backend.tests.test_guided_journey.TestTopicEnrichments" name="test_topic_has_enrichment_fields[geo-2]" time="0.111" /><testcase classname="backend.tests.test_guided_journey.TestTopicEnrichments" name="test_topic_has_enrichment_fields[geo-3]" time="0.118" /><testcase classname="backend.tests.test_guided_journey.TestTopicEnrichments" name="test_topic_has_enrichment_fields[geo-4]" time="0.109" /><testcase classname="backend.tests.test_guided_journey.TestTopicEnrichments" name="test_topic_has_enrichment_fields[sta-1]" time="0.107" /><testcase classname="backend.tests.test_guided_journey.TestTopicEnrichments" name="test_topic_has_enrichment_fields[sta-2]" time="0.119" /><testcase classname="backend.tests.test_guided_journey.TestTopicEnrichments" name="test_topic_has_enrichment_fields[num-5]" time="0.109" /><testcase classname="backend.tests.test_guided_journey.TestTopicEnrichments" name="test_topic_has_enrichment_fields[num-6]" time="0.113" /><testcase classname="backend.tests.test_guided_journey.TestTopicEnrichments" name="test_topic_has_enrichment_fields[alg-7]" time="0.114" /><testcase classname="backend.tests.test_guided_journey.TestTopicEnrichments" name="test_topic_has_enrichment_fields[alg-8]" time="0.111" /><testcase classname="backend.tests.test_guided_journey.TestTopicEnrichments" name="test_topic_has_enrichment_fields[alg-9]" time="0.121" /><testcase classname="backend.tests.test_guided_journey.TestTopicEnrichments" name="test_topic_has_enrichment_fields[rat-4]" time="0.103" /><testcase classname="backend.tests.test_guided_journey.TestTopicEnrichments" name="test_topic_has_enrichment_fields[rat-5]" time="0.136" /><testcase classname="backend.tests.test_guided_journey.TestTopicEnrichments" name="test_topic_has_enrichment_fields[geo-5]" time="0.109" /><testcase classname="backend.tests.test_guided_journey.TestTopicEnrichments" name="test_topic_has_enrichment_fields[geo-6]" time="0.107" /><testcase classname="backend.tests.test_guided_journey.TestTopicEnrichments" name="test_topic_has_enrichment_fields[geo-7]" time="0.113" /><testcase classname="backend.tests.test_guided_journey.TestTopicEnrichments" name="test_topic_has_enrichment_fields[geo-8]" time="0.107" /><testcase classname="backend.tests.test_guided_journey.TestTopicEnrichments" name="test_topic_has_enrichment_fields[sta-3]" time="0.106" /><testcase classname="backend.tests.test_guided_journey.TestTopicEnrichments" name="test_topic_has_enrichment_fields[sta-4]" time="0.154" /><testcase classname="backend.tests.test_guided_journey.TestTopicEnrichments" name="test_topic_has_enrichment_fields[sta-5]" time="0.121" /><testcase classname="backend.tests.test_guided_journey.TestTopicEnrichments" name="test_diverse_topics_have_enrichments" time="0.357" /><testcase classname="backend.tests.test_guided_journey.TestAITutor" name="test_ai_tutor_with_topic_context" time="8.040" /><testcase classname="backend.tests.test_guided_journey.TestAITutor" name="test_ai_tutor_without_topic" time="13.661" /><testcase classname="backend.tests.test_guided_journey.TestQuizzes" name="test_quiz_for_num1" time="0.223" /><testcase classname="backend.tests.test_guided_journey.TestQuizzes" name="test_quiz_check_answer" time="0.217" /><testcase classname="backend.tests.test_guided_journey.TestRegressionEndpoints" name="test_topics_list" time="0.116" /><testcase classname="backend.tests.test_guided_journey.TestRegressionEndpoints" name="test_formulas" time="0.107" /><testcase classname="backend.tests.test_guided_journey.TestRegressionEndpoints" name="test_past_papers_edexcel" time="0.111" /><testcase classname="backend.tests.test_guided_journey.TestRegressionEndpoints" name="test_revision_plan" time="0.107" /></testsuite></testsuites>